<?xml version="1.0" encoding="UTF-8"?>
<!-- Generated by org.testng.reporters.JUnitXMLReporter -->
<testsuite ignored="0" hostname="Kajol" failures="0" tests="5" name="Default test" time="17.294" errors="0" timestamp="2025-03-16T23:14:02 IST">
  <testcase classname="com.qa.herokuapp.tests.FormAuthenticationTest" name="verifyLoginWithValidUsernamePassword" time="5.693"/>
  <testcase classname="com.qa.herokuapp.tests.FormAuthenticationTest" name="verifyLoginWithInvalidUsernamePassword" time="1.44"/>
  <testcase classname="com.qa.herokuapp.tests.FormAuthenticationTest" name="verifyLoginWithValidUsernameAndInvalidPassword" time="1.529"/>
  <testcase classname="com.qa.herokuapp.tests.FormAuthenticationTest" name="verifyLoginWithInvalidUsernameAndValidPassword" time="1.122"/>
  <testcase classname="com.qa.herokuapp.tests.FormAuthenticationTest" name="verifyLoginWithNoUsernameAndPassword" time="1.16"/>
</testsuite> <!-- Default test -->
