<?xml version="1.0" encoding="UTF-8"?>
<!-- Generated by org.testng.reporters.JUnitXMLReporter -->
<testsuite ignored="10" hostname="Kajol" failures="0" tests="13" name="Test" time="6.881" errors="0" timestamp="2025-01-27T17:34:35 IST">
  <testcase classname="com.qa.herokuapp.base.TestBase" name="@BeforeClass initializeBrowser" time="0.0">
    <failure type="java.lang.NullPointerException" message="Cannot invoke &amp;quot;java.util.Properties.getProperty(String)&amp;quot; because &amp;quot;this.properties&amp;quot; is null">
      <![CDATA[java.lang.NullPointerException: Cannot invoke "java.util.Properties.getProperty(String)" because "this.properties" is null
at com.qa.herokuapp.base.TestBase.initializeBrowser(TestBase.java:55)
at java.base/java.util.ArrayList.forEach(ArrayList.java:1511)
... Removed 25 stack frames]]>
    </failure>
  </testcase> <!-- @BeforeClass initializeBrowser -->
  <testcase classname="com.qa.herokuapp.base.TestBase" name="@AfterClass closeBrowser" time="0.0">
    <skipped/>
  </testcase> <!-- @AfterClass closeBrowser -->
  <testcase classname="com.qa.herokuapp.base.TestBase" name="@BeforeClass initializeBrowser" time="0.0">
    <failure type="java.lang.NullPointerException" message="Cannot invoke &amp;quot;java.util.Properties.getProperty(String)&amp;quot; because &amp;quot;this.properties&amp;quot; is null">
      <![CDATA[java.lang.NullPointerException: Cannot invoke "java.util.Properties.getProperty(String)" because "this.properties" is null
at com.qa.herokuapp.base.TestBase.initializeBrowser(TestBase.java:55)
at java.base/java.util.ArrayList.forEach(ArrayList.java:1511)
... Removed 25 stack frames]]>
    </failure>
  </testcase> <!-- @BeforeClass initializeBrowser -->
  <testcase classname="com.qa.herokuapp.base.TestBase" name="@AfterClass closeBrowser" time="0.0">
    <skipped/>
  </testcase> <!-- @AfterClass closeBrowser -->
  <testcase classname="com.qa.herokuapp.base.TestBase" name="@BeforeClass initializeBrowser" time="0.0">
    <failure type="java.lang.NullPointerException" message="Cannot invoke &amp;quot;java.util.Properties.getProperty(String)&amp;quot; because &amp;quot;this.properties&amp;quot; is null">
      <![CDATA[java.lang.NullPointerException: Cannot invoke "java.util.Properties.getProperty(String)" because "this.properties" is null
at com.qa.herokuapp.base.TestBase.initializeBrowser(TestBase.java:55)
at java.base/java.util.ArrayList.forEach(ArrayList.java:1511)
... Removed 25 stack frames]]>
    </failure>
  </testcase> <!-- @BeforeClass initializeBrowser -->
  <testcase classname="com.qa.herokuapp.base.TestBase" name="@AfterClass closeBrowser" time="0.0">
    <skipped/>
  </testcase> <!-- @AfterClass closeBrowser -->
  <testcase classname="com.qa.herokuapp.base.TestBase" name="@BeforeClass initializeBrowser" time="0.0">
    <failure type="java.lang.NullPointerException" message="Cannot invoke &amp;quot;java.util.Properties.getProperty(String)&amp;quot; because &amp;quot;this.properties&amp;quot; is null">
      <![CDATA[java.lang.NullPointerException: Cannot invoke "java.util.Properties.getProperty(String)" because "this.properties" is null
at com.qa.herokuapp.base.TestBase.initializeBrowser(TestBase.java:55)
at java.base/java.util.ArrayList.forEach(ArrayList.java:1511)
... Removed 25 stack frames]]>
    </failure>
  </testcase> <!-- @BeforeClass initializeBrowser -->
  <testcase classname="com.qa.herokuapp.base.TestBase" name="@AfterClass closeBrowser" time="0.0">
    <skipped/>
  </testcase> <!-- @AfterClass closeBrowser -->
  <testcase classname="com.qa.herokuapp.base.TestBase" name="@BeforeClass initializeBrowser" time="0.003">
    <failure type="java.lang.NullPointerException" message="Cannot invoke &amp;quot;java.util.Properties.getProperty(String)&amp;quot; because &amp;quot;this.properties&amp;quot; is null">
      <![CDATA[java.lang.NullPointerException: Cannot invoke "java.util.Properties.getProperty(String)" because "this.properties" is null
at com.qa.herokuapp.base.TestBase.initializeBrowser(TestBase.java:55)
at java.base/java.util.ArrayList.forEach(ArrayList.java:1511)
... Removed 25 stack frames]]>
    </failure>
  </testcase> <!-- @BeforeClass initializeBrowser -->
  <testcase classname="com.qa.herokuapp.base.TestBase" name="@AfterClass closeBrowser" time="0.0">
    <skipped/>
  </testcase> <!-- @AfterClass closeBrowser -->
  <testcase classname="com.qa.herokuapp.base.TestBase" name="@BeforeClass initializeBrowser" time="0.0">
    <failure type="java.lang.NullPointerException" message="Cannot invoke &amp;quot;java.util.Properties.getProperty(String)&amp;quot; because &amp;quot;this.properties&amp;quot; is null">
      <![CDATA[java.lang.NullPointerException: Cannot invoke "java.util.Properties.getProperty(String)" because "this.properties" is null
at com.qa.herokuapp.base.TestBase.initializeBrowser(TestBase.java:55)
at java.base/java.util.ArrayList.forEach(ArrayList.java:1511)
... Removed 25 stack frames]]>
    </failure>
  </testcase> <!-- @BeforeClass initializeBrowser -->
  <testcase classname="com.qa.herokuapp.base.TestBase" name="@AfterClass closeBrowser" time="0.0">
    <skipped/>
  </testcase> <!-- @AfterClass closeBrowser -->
  <testcase classname="com.qa.herokuapp.base.TestBase" name="@BeforeClass initializeBrowser" time="0.001">
    <failure type="java.lang.NullPointerException" message="Cannot invoke &amp;quot;java.util.Properties.getProperty(String)&amp;quot; because &amp;quot;this.properties&amp;quot; is null">
      <![CDATA[java.lang.NullPointerException: Cannot invoke "java.util.Properties.getProperty(String)" because "this.properties" is null
at com.qa.herokuapp.base.TestBase.initializeBrowser(TestBase.java:55)
at java.base/java.util.ArrayList.forEach(ArrayList.java:1511)
... Removed 25 stack frames]]>
    </failure>
  </testcase> <!-- @BeforeClass initializeBrowser -->
  <testcase classname="com.qa.herokuapp.base.TestBase" name="@AfterClass closeBrowser" time="0.0">
    <skipped/>
  </testcase> <!-- @AfterClass closeBrowser -->
  <testcase classname="com.qa.herokuapp.base.TestBase" name="@BeforeClass initializeBrowser" time="0.002">
    <failure type="java.lang.NullPointerException" message="Cannot invoke &amp;quot;java.util.Properties.getProperty(String)&amp;quot; because &amp;quot;this.properties&amp;quot; is null">
      <![CDATA[java.lang.NullPointerException: Cannot invoke "java.util.Properties.getProperty(String)" because "this.properties" is null
at com.qa.herokuapp.base.TestBase.initializeBrowser(TestBase.java:55)
at java.base/java.util.ArrayList.forEach(ArrayList.java:1511)
... Removed 25 stack frames]]>
    </failure>
  </testcase> <!-- @BeforeClass initializeBrowser -->
  <testcase classname="com.qa.herokuapp.base.TestBase" name="@AfterClass closeBrowser" time="0.0">
    <skipped/>
  </testcase> <!-- @AfterClass closeBrowser -->
  <testcase classname="com.qa.herokuapp.base.TestBase" name="@BeforeClass initializeBrowser" time="0.0">
    <failure type="java.lang.NullPointerException" message="Cannot invoke &amp;quot;java.util.Properties.getProperty(String)&amp;quot; because &amp;quot;this.properties&amp;quot; is null">
      <![CDATA[java.lang.NullPointerException: Cannot invoke "java.util.Properties.getProperty(String)" because "this.properties" is null
at com.qa.herokuapp.base.TestBase.initializeBrowser(TestBase.java:55)
at java.base/java.util.ArrayList.forEach(ArrayList.java:1511)
... Removed 25 stack frames]]>
    </failure>
  </testcase> <!-- @BeforeClass initializeBrowser -->
  <testcase classname="com.qa.herokuapp.base.TestBase" name="@AfterClass closeBrowser" time="0.0">
    <skipped/>
  </testcase> <!-- @AfterClass closeBrowser -->
  <testcase classname="com.qa.herokuapp.base.TestBase" name="@BeforeClass initializeBrowser" time="0.001">
    <failure type="java.lang.NullPointerException" message="Cannot invoke &amp;quot;java.util.Properties.getProperty(String)&amp;quot; because &amp;quot;this.properties&amp;quot; is null">
      <![CDATA[java.lang.NullPointerException: Cannot invoke "java.util.Properties.getProperty(String)" because "this.properties" is null
at com.qa.herokuapp.base.TestBase.initializeBrowser(TestBase.java:55)
at java.base/java.util.ArrayList.forEach(ArrayList.java:1511)
... Removed 25 stack frames]]>
    </failure>
  </testcase> <!-- @BeforeClass initializeBrowser -->
  <testcase classname="com.qa.herokuapp.base.TestBase" name="@AfterClass closeBrowser" time="0.0">
    <skipped/>
  </testcase> <!-- @AfterClass closeBrowser -->
  <testcase classname="com.qa.herokuapp.tests.BrokenImagesTest" name="brokenImageTest" time="0.966"/>
  <testcase classname="com.qa.herokuapp.tests.DisappearingElementsTest" name="validateDisappearingElement" time="0.0">
    <skipped/>
  </testcase> <!-- validateDisappearingElement -->
  <testcase classname="com.qa.herokuapp.tests.BasicAuthLoginTest" name="invalidLogin" time="0.0">
    <skipped/>
  </testcase> <!-- invalidLogin -->
  <testcase classname="com.qa.herokuapp.tests.BasicAuthLoginTest" name="validLogin" time="0.001">
    <skipped/>
  </testcase> <!-- validLogin -->
  <testcase classname="com.qa.herokuapp.tests.DynamicContentTest" name="validateDropdownValues" time="0.0">
    <skipped/>
  </testcase> <!-- validateDropdownValues -->
  <testcase classname="com.qa.herokuapp.tests.ContextMenuTest" name="testRightClickOnContextMenuBox" time="0.0">
    <skipped/>
  </testcase> <!-- testRightClickOnContextMenuBox -->
  <testcase classname="com.qa.herokuapp.tests.DropdownTest" name="validateDropdownValues" time="0.0">
    <skipped/>
  </testcase> <!-- validateDropdownValues -->
  <testcase classname="com.qa.herokuapp.tests.CheckboxesTest" name="testClickingCheckboes" time="0.0">
    <skipped/>
  </testcase> <!-- testClickingCheckboes -->
  <testcase classname="com.qa.herokuapp.tests.DragAndDropTest" name="testDragAndDrop" time="0.0">
    <skipped/>
  </testcase> <!-- testDragAndDrop -->
  <testcase classname="com.qa.herokuapp.tests.DigestAuthenticationTest" name="validDigestAuthLogin" time="0.0">
    <skipped/>
  </testcase> <!-- validDigestAuthLogin -->
  <testcase classname="com.qa.herokuapp.tests.DynamicWebElementsTest" name="handleDynamicElement" time="0.0">
    <skipped/>
  </testcase> <!-- handleDynamicElement -->
  <testcase classname="com.qa.herokuapp.tests.AddRemoveElementsTest" name="addDeleteElement" time="0.0">
    <skipped/>
  </testcase> <!-- addDeleteElement -->
  <testcase classname="com.qa.herokuapp.tests.AddRemoveElementsTest" name="addElement" time="0.0">
    <skipped/>
  </testcase> <!-- addElement -->
  <testcase classname="com.qa.herokuapp.base.TestBase" name="@BeforeSuite loadConfig" time="0.0">
    <ignored/>
  </testcase> <!-- @BeforeSuite loadConfig -->
  <testcase classname="com.qa.herokuapp.base.TestBase" name="@BeforeSuite loadConfig" time="0.0">
    <ignored/>
  </testcase> <!-- @BeforeSuite loadConfig -->
  <testcase classname="com.qa.herokuapp.base.TestBase" name="@BeforeSuite loadConfig" time="0.0">
    <ignored/>
  </testcase> <!-- @BeforeSuite loadConfig -->
  <testcase classname="com.qa.herokuapp.base.TestBase" name="@BeforeSuite loadConfig" time="0.0">
    <ignored/>
  </testcase> <!-- @BeforeSuite loadConfig -->
  <testcase classname="com.qa.herokuapp.base.TestBase" name="@BeforeSuite loadConfig" time="0.0">
    <ignored/>
  </testcase> <!-- @BeforeSuite loadConfig -->
  <testcase classname="com.qa.herokuapp.base.TestBase" name="@BeforeSuite loadConfig" time="0.0">
    <ignored/>
  </testcase> <!-- @BeforeSuite loadConfig -->
  <testcase classname="com.qa.herokuapp.base.TestBase" name="@BeforeSuite loadConfig" time="0.0">
    <ignored/>
  </testcase> <!-- @BeforeSuite loadConfig -->
  <testcase classname="com.qa.herokuapp.base.TestBase" name="@BeforeSuite loadConfig" time="0.0">
    <ignored/>
  </testcase> <!-- @BeforeSuite loadConfig -->
  <testcase classname="com.qa.herokuapp.base.TestBase" name="@BeforeSuite loadConfig" time="0.0">
    <ignored/>
  </testcase> <!-- @BeforeSuite loadConfig -->
  <testcase classname="com.qa.herokuapp.base.TestBase" name="@BeforeSuite loadConfig" time="0.0">
    <ignored/>
  </testcase> <!-- @BeforeSuite loadConfig -->
</testsuite> <!-- Test -->
