<?xml version="1.0" encoding="UTF-8"?>
<testng-results ignored="0" total="1" passed="1" failed="0" skipped="0">
  <reporter-output>
  </reporter-output>
  <suite started-at="2025-03-17T18:16:37 IST" name="Default suite" finished-at="2025-03-17T18:17:08 IST" duration-ms="30040">
    <groups>
    </groups>
    <test started-at="2025-03-17T18:16:37 IST" name="Default test" finished-at="2025-03-17T18:17:08 IST" duration-ms="30040">
      <class name="com.qa.herokuapp.tests.GeolocationTest">
        <test-method is-config="true" signature="loadConfig()[pri:0, instance:com.qa.herokuapp.tests.GeolocationTest@435871cb]" started-at="2025-03-17T18:16:37 IST" name="loadConfig" finished-at="2025-03-17T18:16:37 IST" duration-ms="36" status="PASS">
          <reporter-output>
          </reporter-output>
        </test-method> <!-- loadConfig -->
        <test-method is-config="true" signature="initializeBrowser()[pri:0, instance:com.qa.herokuapp.tests.GeolocationTest@435871cb]" started-at="2025-03-17T18:16:38 IST" name="initializeBrowser" finished-at="2025-03-17T18:16:45 IST" duration-ms="7692" status="PASS">
          <reporter-output>
          </reporter-output>
        </test-method> <!-- initializeBrowser -->
        <test-method signature="testGeoLocation()[pri:0, instance:com.qa.herokuapp.tests.GeolocationTest@435871cb]" started-at="2025-03-17T18:16:45 IST" name="testGeoLocation" finished-at="2025-03-17T18:17:02 IST" duration-ms="16883" status="PASS">
          <reporter-output>
          </reporter-output>
        </test-method> <!-- testGeoLocation -->
        <test-method is-config="true" signature="closeBrowser()[pri:0, instance:com.qa.herokuapp.tests.GeolocationTest@435871cb]" started-at="2025-03-17T18:17:03 IST" name="closeBrowser" finished-at="2025-03-17T18:17:08 IST" duration-ms="4368" status="PASS">
          <reporter-output>
          </reporter-output>
        </test-method> <!-- closeBrowser -->
      </class> <!-- com.qa.herokuapp.tests.GeolocationTest -->
    </test> <!-- Default test -->
  </suite> <!-- Default suite -->
</testng-results>
