<?xml version="1.0" encoding="UTF-8"?>
<testng-results ignored="0" total="1" passed="1" failed="0" skipped="0">
  <reporter-output>
  </reporter-output>
  <suite started-at="2025-02-05T22:19:20 IST" name="Default suite" finished-at="2025-02-05T22:35:27 IST" duration-ms="967544">
    <groups>
    </groups>
    <test started-at="2025-02-05T22:19:20 IST" name="Default test" finished-at="2025-02-05T22:35:27 IST" duration-ms="967544">
      <class name="com.qa.herokuapp.tests.FileDownloadTest">
        <test-method is-config="true" signature="loadConfig()[pri:0, instance:com.qa.herokuapp.tests.FileDownloadTest@192d74fb]" started-at="2025-02-05T22:19:20 IST" name="loadConfig" finished-at="2025-02-05T22:19:20 IST" duration-ms="15" status="PASS">
          <reporter-output>
          </reporter-output>
        </test-method> <!-- loadConfig -->
        <test-method is-config="true" signature="initializeBrowser()[pri:0, instance:com.qa.herokuapp.tests.FileDownloadTest@192d74fb]" started-at="2025-02-05T22:19:20 IST" name="initializeBrowser" finished-at="2025-02-05T22:19:23 IST" duration-ms="3905" status="PASS">
          <reporter-output>
          </reporter-output>
        </test-method> <!-- initializeBrowser -->
        <test-method is-config="true" signature="setup()[pri:0, instance:com.qa.herokuapp.tests.FileDownloadTest@192d74fb]" started-at="2025-02-05T22:19:24 IST" name="setup" finished-at="2025-02-05T22:19:24 IST" duration-ms="54" status="PASS">
          <reporter-output>
          </reporter-output>
        </test-method> <!-- setup -->
        <test-method signature="testFileDownload()[pri:0, instance:com.qa.herokuapp.tests.FileDownloadTest@192d74fb]" started-at="2025-02-05T22:19:24 IST" name="testFileDownload" finished-at="2025-02-05T22:35:26 IST" duration-ms="962755" status="PASS">
          <reporter-output>
          </reporter-output>
        </test-method> <!-- testFileDownload -->
        <test-method is-config="true" signature="closeBrowser()[pri:0, instance:com.qa.herokuapp.tests.FileDownloadTest@192d74fb]" started-at="2025-02-05T22:35:26 IST" name="closeBrowser" finished-at="2025-02-05T22:35:27 IST" duration-ms="724" status="PASS">
          <reporter-output>
          </reporter-output>
        </test-method> <!-- closeBrowser -->
      </class> <!-- com.qa.herokuapp.tests.FileDownloadTest -->
    </test> <!-- Default test -->
  </suite> <!-- Default suite -->
</testng-results>
