<?xml version="1.0" encoding="UTF-8"?>
<!-- Generated by org.testng.reporters.JUnitReportReporter -->
<testsuite hostname="Kajol" failures="0" tests="3" name="com.qa.herokuapp.tests.ShiftingContentTest" time="23.488" errors="0" timestamp="2025-03-26T10:56:30 IST" skipped="0">
  <testcase classname="com.qa.herokuapp.tests.ShiftingContentTest" name="validateMenuElement" time="13.828"/>
  <testcase classname="com.qa.herokuapp.tests.ShiftingContentTest" name="validateAnImage" time="5.892"/>
  <testcase classname="com.qa.herokuapp.tests.ShiftingContentTest" name="validateAList" time="3.768"/>
</testsuite> <!-- com.qa.herokuapp.tests.ShiftingContentTest -->
