<?xml version="1.0" encoding="UTF-8"?>
<!-- Generated by org.testng.reporters.JUnitReportReporter -->
<testsuite hostname="Kajol" failures="0" tests="5" name="com.qa.herokuapp.tests.FormAuthenticationTest" time="10.944" errors="0" timestamp="2025-03-16T23:14:03 IST" skipped="0">
  <testcase classname="com.qa.herokuapp.tests.FormAuthenticationTest" name="verifyLoginWithValidUsernamePassword" time="5.693"/>
  <testcase classname="com.qa.herokuapp.tests.FormAuthenticationTest" name="verifyLoginWithInvalidUsernamePassword" time="1.440"/>
  <testcase classname="com.qa.herokuapp.tests.FormAuthenticationTest" name="verifyLoginWithValidUsernameAndInvalidPassword" time="1.529"/>
  <testcase classname="com.qa.herokuapp.tests.FormAuthenticationTest" name="verifyLoginWithInvalidUsernameAndValidPassword" time="1.122"/>
  <testcase classname="com.qa.herokuapp.tests.FormAuthenticationTest" name="verifyLoginWithNoUsernameAndPassword" time="1.160"/>
</testsuite> <!-- com.qa.herokuapp.tests.FormAuthenticationTest -->
